<?xml version="1.0" encoding="UTF-8"?>
<testsuite name="GPTTestPrompt" tests="3" skipped="0" failures="0" errors="0" timestamp="2024-10-10T19:10:32" hostname="10-252-188-22.student.trincoll.edu" time="6.382">
  <properties/>
  <testcase name="visionChat()" classname="GPTTestPrompt" time="2.318"/>
  <testcase name="chatWithString()" classname="GPTTestPrompt" time="2.434"/>
  <testcase name="chatWithMessages()" classname="GPTTestPrompt" time="1.469"/>
  <system-out><![CDATA[The image depicts a breathtaking mountain landscape, showcasing steep cliffs and a lush valley. A winding river flows through the center, surrounded by greenery and possibly some snow-capped peaks in the distance. The sky is clear with bright blue hues, indicating a sunny day. This scene highlights the natural beauty and grandeur of mountainous terrain.
As of my last update in October 2023, the title of the fastest vehicle in the world is often attributed to the **ThrustSSC**, a supersonic car that holds the land speed record of 763 mph (1,227.99 km/h), achieved in 1997. However, if you're referring to modern production cars, the **Bugatti Chiron Super Sport 300+**, which reached a speed of 304 mph (490.48 km/h) in 2019, is often cited as one of the fastest. 

For the most current and specific records, including any advancements or new contenders since then, I recommend checking the latest automotive news or records from reputable sources.
May 4th is recognized as Star Wars Day, celebrated by fans of the franchise with the phrase "May the Fourth be with you," a play on the famous line "May the Force be with you." Additionally, some regions observe other events or holidays on this date, but Star Wars Day is the most widely known celebration associated with May 4th.
TokenUsage { inputTokenCount = 17, outputTokenCount = 72, totalTokenCount = 89 }
]]></system-out>
  <system-err><![CDATA[]]></system-err>
</testsuite>
